<?xml version="1.0" encoding="UTF-8"?>
<testng-results skipped="0" failed="0" ignored="0" total="1" passed="1">
  <reporter-output>
  </reporter-output>
  <suite name="Suite" duration-ms="32257" started-at="2018-06-19T04:24:42Z" finished-at="2018-06-19T04:25:15Z">
    <groups>
    </groups>
    <test name="Test" duration-ms="32257" started-at="2018-06-19T04:24:42Z" finished-at="2018-06-19T04:25:15Z">
      <class name="com.TestCases.TC_008FaildTestCase">
        <test-method status="PASS" signature="runFaildTestngXml()[pri:0, instance:com.TestCases.TC_008FaildTestCase@4b9e13df]" name="runFaildTestngXml" duration-ms="31389" started-at="2018-06-19T09:54:43Z" finished-at="2018-06-19T09:55:14Z">
          <reporter-output>
          </reporter-output>
        </test-method> <!-- runFaildTestngXml -->
      </class> <!-- com.TestCases.TC_008FaildTestCase -->
    </test> <!-- Test -->
  </suite> <!-- Suite -->
</testng-results>
