<?xml version="1.0" encoding="UTF-8"?>
<testng-results skipped="0" failed="0" ignored="0" total="1" passed="1">
  <reporter-output>
  </reporter-output>
  <suite name="Suite" duration-ms="153" started-at="2018-06-15T05:41:25Z" finished-at="2018-06-15T05:41:25Z">
    <groups>
    </groups>
    <test name="Test" duration-ms="153" started-at="2018-06-15T05:41:25Z" finished-at="2018-06-15T05:41:25Z">
      <class name="com.TestCases.Hello_World">
        <test-method status="PASS" signature="hELLOWORLD()[pri:0, instance:com.TestCases.Hello_World@c038203]" name="hELLOWORLD" duration-ms="27" started-at="2018-06-15T11:11:25Z" finished-at="2018-06-15T11:11:25Z">
          <reporter-output>
          </reporter-output>
        </test-method> <!-- hELLOWORLD -->
      </class> <!-- com.TestCases.Hello_World -->
    </test> <!-- Test -->
  </suite> <!-- Suite -->
</testng-results>
